<?xml version="1.0"?>
<testsuite name="Chrome Headless 149.0.0.0 (Windows 10)" package="unit" timestamp="2026-07-01T22:26:33" id="0" hostname="DESKTOP-ARQ08LA" tests="3" errors="0" failures="0" time="0.214">
  <properties>
    <property name="browser.fullName" value="Mozilla/5.0 (Windows NT 10.0; Win64; x64) AppleWebKit/537.36 (KHTML, like Gecko) HeadlessChrome/149.0.0.0 Safari/537.36"/>
  </properties>
  <testcase name="AppComponent should render title" time="0.194" classname=".AppComponent"/>
  <testcase name="AppComponent should have as title 'DevOpsPC'" time="0.011" classname=".AppComponent"/>
  <testcase name="AppComponent should create the app" time="0.009" classname=".AppComponent"/>
  <system-out>
    <![CDATA[
]]>
  </system-out>
  <system-err/>
</testsuite>